23:05:49 **** Build of configuration Debug for project CTW_CM4 ****
make -j16 all 
arm-none-eabi-gcc "C:/Users/Rudi/Desktop/GitHub/Cypher's Trip Wire/CTW/Drivers/STM32H7xx_HAL_Driver/Src/stm32h7xx_hal.c" -mcpu=cortex-m4 -std=gnu11 -g3 -DDEBUG -DCORE_CM4 -DUSE_HAL_DRIVER -DSTM32H745xx -c -I../../Drivers/STM32H7xx_HAL_Driver/Inc -I../../Drivers/STM32H7xx_HAL_Driver/Inc/Legacy -I../../Drivers/CMSIS/Device/ST/STM32H7xx/Include -I../../Drivers/CMSIS/Include -I"C:/Users/Rudi/Desktop/GitHub/Cypher's Trip Wire/CTW/CM4/Core/Inc" -O0 -ffunction-sections -fdata-sections -Wall -fstack-usage -MMD -MP -MF"Drivers/STM32H7xx_HAL_Driver/stm32h7xx_hal.d" -MT"Drivers/STM32H7xx_HAL_Driver/stm32h7xx_hal.o" --specs=nano.specs -mfpu=fpv4-sp-d16 -mfloat-abi=hard -mthumb -o "Drivers/STM32H7xx_HAL_Driver/stm32h7xx_hal.o"
arm-none-eabi-gcc "C:/Users/Rudi/Desktop/GitHub/Cypher's Trip Wire/CTW/Drivers/STM32H7xx_HAL_Driver/Src/stm32h7xx_hal_cortex.c" -mcpu=cortex-m4 -std=gnu11 -g3 -DDEBUG -DCORE_CM4 -DUSE_HAL_DRIVER -DSTM32H745xx -c -I../../Drivers/STM32H7xx_HAL_Driver/Inc -I../../Drivers/STM32H7xx_HAL_Driver/Inc/Legacy -I../../Drivers/CMSIS/Device/ST/STM32H7xx/Include -I../../Drivers/CMSIS/Include -I"C:/Users/Rudi/Desktop/GitHub/Cypher's Trip Wire/CTW/CM4/Core/Inc" -O0 -ffunction-sections -fdata-sections -Wall -fstack-usage -MMD -MP -MF"Drivers/STM32H7xx_HAL_Driver/stm32h7xx_hal_cortex.d" -MT"Drivers/STM32H7xx_HAL_Driver/stm32h7xx_hal_cortex.o" --specs=nano.specs -mfpu=fpv4-sp-d16 -mfloat-abi=hard -mthumb -o "Drivers/STM32H7xx_HAL_Driver/stm32h7xx_hal_cortex.o"
arm-none-eabi-gcc "C:/Users/Rudi/Desktop/GitHub/Cypher's Trip Wire/CTW/Drivers/STM32H7xx_HAL_Driver/Src/stm32h7xx_hal_dma.c" -mcpu=cortex-m4 -std=gnu11 -g3 -DDEBUG -DCORE_CM4 -DUSE_HAL_DRIVER -DSTM32H745xx -c -I../../Drivers/STM32H7xx_HAL_Driver/Inc -I../../Drivers/STM32H7xx_HAL_Driver/Inc/Legacy -I../../Drivers/CMSIS/Device/ST/STM32H7xx/Include -I../../Drivers/CMSIS/Include -I"C:/Users/Rudi/Desktop/GitHub/Cypher's Trip Wire/CTW/CM4/Core/Inc" -O0 -ffunction-sections -fdata-sections -Wall -fstack-usage -MMD -MP -MF"Drivers/STM32H7xx_HAL_Driver/stm32h7xx_hal_dma.d" -MT"Drivers/STM32H7xx_HAL_Driver/stm32h7xx_hal_dma.o" --specs=nano.specs -mfpu=fpv4-sp-d16 -mfloat-abi=hard -mthumb -o "Drivers/STM32H7xx_HAL_Driver/stm32h7xx_hal_dma.o"
arm-none-eabi-gcc "C:/Users/Rudi/Desktop/GitHub/Cypher's Trip Wire/CTW/Drivers/STM32H7xx_HAL_Driver/Src/stm32h7xx_hal_dma_ex.c" -mcpu=cortex-m4 -std=gnu11 -g3 -DDEBUG -DCORE_CM4 -DUSE_HAL_DRIVER -DSTM32H745xx -c -I../../Drivers/STM32H7xx_HAL_Driver/Inc -I../../Drivers/STM32H7xx_HAL_Driver/Inc/Legacy -I../../Drivers/CMSIS/Device/ST/STM32H7xx/Include -I../../Drivers/CMSIS/Include -I"C:/Users/Rudi/Desktop/GitHub/Cypher's Trip Wire/CTW/CM4/Core/Inc" -O0 -ffunction-sections -fdata-sections -Wall -fstack-usage -MMD -MP -MF"Drivers/STM32H7xx_HAL_Driver/stm32h7xx_hal_dma_ex.d" -MT"Drivers/STM32H7xx_HAL_Driver/stm32h7xx_hal_dma_ex.o" --specs=nano.specs -mfpu=fpv4-sp-d16 -mfloat-abi=hard -mthumb -o "Drivers/STM32H7xx_HAL_Driver/stm32h7xx_hal_dma_ex.o"
arm-none-eabi-gcc "C:/Users/Rudi/Desktop/GitHub/Cypher's Trip Wire/CTW/Drivers/STM32H7xx_HAL_Driver/Src/stm32h7xx_hal_exti.c" -mcpu=cortex-m4 -std=gnu11 -g3 -DDEBUG -DCORE_CM4 -DUSE_HAL_DRIVER -DSTM32H745xx -c -I../../Drivers/STM32H7xx_HAL_Driver/Inc -I../../Drivers/STM32H7xx_HAL_Driver/Inc/Legacy -I../../Drivers/CMSIS/Device/ST/STM32H7xx/Include -I../../Drivers/CMSIS/Include -I"C:/Users/Rudi/Desktop/GitHub/Cypher's Trip Wire/CTW/CM4/Core/Inc" -O0 -ffunction-sections -fdata-sections -Wall -fstack-usage -MMD -MP -MF"Drivers/STM32H7xx_HAL_Driver/stm32h7xx_hal_exti.d" -MT"Drivers/STM32H7xx_HAL_Driver/stm32h7xx_hal_exti.o" --specs=nano.specs -mfpu=fpv4-sp-d16 -mfloat-abi=hard -mthumb -o "Drivers/STM32H7xx_HAL_Driver/stm32h7xx_hal_exti.o"
arm-none-eabi-gcc "C:/Users/Rudi/Desktop/GitHub/Cypher's Trip Wire/CTW/Drivers/STM32H7xx_HAL_Driver/Src/stm32h7xx_hal_flash.c" -mcpu=cortex-m4 -std=gnu11 -g3 -DDEBUG -DCORE_CM4 -DUSE_HAL_DRIVER -DSTM32H745xx -c -I../../Drivers/STM32H7xx_HAL_Driver/Inc -I../../Drivers/STM32H7xx_HAL_Driver/Inc/Legacy -I../../Drivers/CMSIS/Device/ST/STM32H7xx/Include -I../../Drivers/CMSIS/Include -I"C:/Users/Rudi/Desktop/GitHub/Cypher's Trip Wire/CTW/CM4/Core/Inc" -O0 -ffunction-sections -fdata-sections -Wall -fstack-usage -MMD -MP -MF"Drivers/STM32H7xx_HAL_Driver/stm32h7xx_hal_flash.d" -MT"Drivers/STM32H7xx_HAL_Driver/stm32h7xx_hal_flash.o" --specs=nano.specs -mfpu=fpv4-sp-d16 -mfloat-abi=hard -mthumb -o "Drivers/STM32H7xx_HAL_Driver/stm32h7xx_hal_flash.o"
arm-none-eabi-gcc "C:/Users/Rudi/Desktop/GitHub/Cypher's Trip Wire/CTW/Drivers/STM32H7xx_HAL_Driver/Src/stm32h7xx_hal_flash_ex.c" -mcpu=cortex-m4 -std=gnu11 -g3 -DDEBUG -DCORE_CM4 -DUSE_HAL_DRIVER -DSTM32H745xx -c -I../../Drivers/STM32H7xx_HAL_Driver/Inc -I../../Drivers/STM32H7xx_HAL_Driver/Inc/Legacy -I../../Drivers/CMSIS/Device/ST/STM32H7xx/Include -I../../Drivers/CMSIS/Include -I"C:/Users/Rudi/Desktop/GitHub/Cypher's Trip Wire/CTW/CM4/Core/Inc" -O0 -ffunction-sections -fdata-sections -Wall -fstack-usage -MMD -MP -MF"Drivers/STM32H7xx_HAL_Driver/stm32h7xx_hal_flash_ex.d" -MT"Drivers/STM32H7xx_HAL_Driver/stm32h7xx_hal_flash_ex.o" --specs=nano.specs -mfpu=fpv4-sp-d16 -mfloat-abi=hard -mthumb -o "Drivers/STM32H7xx_HAL_Driver/stm32h7xx_hal_flash_ex.o"
arm-none-eabi-gcc "C:/Users/Rudi/Desktop/GitHub/Cypher's Trip Wire/CTW/Drivers/STM32H7xx_HAL_Driver/Src/stm32h7xx_hal_gpio.c" -mcpu=cortex-m4 -std=gnu11 -g3 -DDEBUG -DCORE_CM4 -DUSE_HAL_DRIVER -DSTM32H745xx -c -I../../Drivers/STM32H7xx_HAL_Driver/Inc -I../../Drivers/STM32H7xx_HAL_Driver/Inc/Legacy -I../../Drivers/CMSIS/Device/ST/STM32H7xx/Include -I../../Drivers/CMSIS/Include -I"C:/Users/Rudi/Desktop/GitHub/Cypher's Trip Wire/CTW/CM4/Core/Inc" -O0 -ffunction-sections -fdata-sections -Wall -fstack-usage -MMD -MP -MF"Drivers/STM32H7xx_HAL_Driver/stm32h7xx_hal_gpio.d" -MT"Drivers/STM32H7xx_HAL_Driver/stm32h7xx_hal_gpio.o" --specs=nano.specs -mfpu=fpv4-sp-d16 -mfloat-abi=hard -mthumb -o "Drivers/STM32H7xx_HAL_Driver/stm32h7xx_hal_gpio.o"
arm-none-eabi-gcc "C:/Users/Rudi/Desktop/GitHub/Cypher's Trip Wire/CTW/Drivers/STM32H7xx_HAL_Driver/Src/stm32h7xx_hal_hsem.c" -mcpu=cortex-m4 -std=gnu11 -g3 -DDEBUG -DCORE_CM4 -DUSE_HAL_DRIVER -DSTM32H745xx -c -I../../Drivers/STM32H7xx_HAL_Driver/Inc -I../../Drivers/STM32H7xx_HAL_Driver/Inc/Legacy -I../../Drivers/CMSIS/Device/ST/STM32H7xx/Include -I../../Drivers/CMSIS/Include -I"C:/Users/Rudi/Desktop/GitHub/Cypher's Trip Wire/CTW/CM4/Core/Inc" -O0 -ffunction-sections -fdata-sections -Wall -fstack-usage -MMD -MP -MF"Drivers/STM32H7xx_HAL_Driver/stm32h7xx_hal_hsem.d" -MT"Drivers/STM32H7xx_HAL_Driver/stm32h7xx_hal_hsem.o" --specs=nano.specs -mfpu=fpv4-sp-d16 -mfloat-abi=hard -mthumb -o "Drivers/STM32H7xx_HAL_Driver/stm32h7xx_hal_hsem.o"
arm-none-eabi-gcc "C:/Users/Rudi/Desktop/GitHub/Cypher's Trip Wire/CTW/Drivers/STM32H7xx_HAL_Driver/Src/stm32h7xx_hal_i2c.c" -mcpu=cortex-m4 -std=gnu11 -g3 -DDEBUG -DCORE_CM4 -DUSE_HAL_DRIVER -DSTM32H745xx -c -I../../Drivers/STM32H7xx_HAL_Driver/Inc -I../../Drivers/STM32H7xx_HAL_Driver/Inc/Legacy -I../../Drivers/CMSIS/Device/ST/STM32H7xx/Include -I../../Drivers/CMSIS/Include -I"C:/Users/Rudi/Desktop/GitHub/Cypher's Trip Wire/CTW/CM4/Core/Inc" -O0 -ffunction-sections -fdata-sections -Wall -fstack-usage -MMD -MP -MF"Drivers/STM32H7xx_HAL_Driver/stm32h7xx_hal_i2c.d" -MT"Drivers/STM32H7xx_HAL_Driver/stm32h7xx_hal_i2c.o" --specs=nano.specs -mfpu=fpv4-sp-d16 -mfloat-abi=hard -mthumb -o "Drivers/STM32H7xx_HAL_Driver/stm32h7xx_hal_i2c.o"
arm-none-eabi-gcc "C:/Users/Rudi/Desktop/GitHub/Cypher's Trip Wire/CTW/Drivers/STM32H7xx_HAL_Driver/Src/stm32h7xx_hal_i2c_ex.c" -mcpu=cortex-m4 -std=gnu11 -g3 -DDEBUG -DCORE_CM4 -DUSE_HAL_DRIVER -DSTM32H745xx -c -I../../Drivers/STM32H7xx_HAL_Driver/Inc -I../../Drivers/STM32H7xx_HAL_Driver/Inc/Legacy -I../../Drivers/CMSIS/Device/ST/STM32H7xx/Include -I../../Drivers/CMSIS/Include -I"C:/Users/Rudi/Desktop/GitHub/Cypher's Trip Wire/CTW/CM4/Core/Inc" -O0 -ffunction-sections -fdata-sections -Wall -fstack-usage -MMD -MP -MF"Drivers/STM32H7xx_HAL_Driver/stm32h7xx_hal_i2c_ex.d" -MT"Drivers/STM32H7xx_HAL_Driver/stm32h7xx_hal_i2c_ex.o" --specs=nano.specs -mfpu=fpv4-sp-d16 -mfloat-abi=hard -mthumb -o "Drivers/STM32H7xx_HAL_Driver/stm32h7xx_hal_i2c_ex.o"
arm-none-eabi-gcc "C:/Users/Rudi/Desktop/GitHub/Cypher's Trip Wire/CTW/Drivers/STM32H7xx_HAL_Driver/Src/stm32h7xx_hal_mdma.c" -mcpu=cortex-m4 -std=gnu11 -g3 -DDEBUG -DCORE_CM4 -DUSE_HAL_DRIVER -DSTM32H745xx -c -I../../Drivers/STM32H7xx_HAL_Driver/Inc -I../../Drivers/STM32H7xx_HAL_Driver/Inc/Legacy -I../../Drivers/CMSIS/Device/ST/STM32H7xx/Include -I../../Drivers/CMSIS/Include -I"C:/Users/Rudi/Desktop/GitHub/Cypher's Trip Wire/CTW/CM4/Core/Inc" -O0 -ffunction-sections -fdata-sections -Wall -fstack-usage -MMD -MP -MF"Drivers/STM32H7xx_HAL_Driver/stm32h7xx_hal_mdma.d" -MT"Drivers/STM32H7xx_HAL_Driver/stm32h7xx_hal_mdma.o" --specs=nano.specs -mfpu=fpv4-sp-d16 -mfloat-abi=hard -mthumb -o "Drivers/STM32H7xx_HAL_Driver/stm32h7xx_hal_mdma.o"
arm-none-eabi-gcc "C:/Users/Rudi/Desktop/GitHub/Cypher's Trip Wire/CTW/Drivers/STM32H7xx_HAL_Driver/Src/stm32h7xx_hal_pwr.c" -mcpu=cortex-m4 -std=gnu11 -g3 -DDEBUG -DCORE_CM4 -DUSE_HAL_DRIVER -DSTM32H745xx -c -I../../Drivers/STM32H7xx_HAL_Driver/Inc -I../../Drivers/STM32H7xx_HAL_Driver/Inc/Legacy -I../../Drivers/CMSIS/Device/ST/STM32H7xx/Include -I../../Drivers/CMSIS/Include -I"C:/Users/Rudi/Desktop/GitHub/Cypher's Trip Wire/CTW/CM4/Core/Inc" -O0 -ffunction-sections -fdata-sections -Wall -fstack-usage -MMD -MP -MF"Drivers/STM32H7xx_HAL_Driver/stm32h7xx_hal_pwr.d" -MT"Drivers/STM32H7xx_HAL_Driver/stm32h7xx_hal_pwr.o" --specs=nano.specs -mfpu=fpv4-sp-d16 -mfloat-abi=hard -mthumb -o "Drivers/STM32H7xx_HAL_Driver/stm32h7xx_hal_pwr.o"
arm-none-eabi-gcc "C:/Users/Rudi/Desktop/GitHub/Cypher's Trip Wire/CTW/Drivers/STM32H7xx_HAL_Driver/Src/stm32h7xx_hal_pwr_ex.c" -mcpu=cortex-m4 -std=gnu11 -g3 -DDEBUG -DCORE_CM4 -DUSE_HAL_DRIVER -DSTM32H745xx -c -I../../Drivers/STM32H7xx_HAL_Driver/Inc -I../../Drivers/STM32H7xx_HAL_Driver/Inc/Legacy -I../../Drivers/CMSIS/Device/ST/STM32H7xx/Include -I../../Drivers/CMSIS/Include -I"C:/Users/Rudi/Desktop/GitHub/Cypher's Trip Wire/CTW/CM4/Core/Inc" -O0 -ffunction-sections -fdata-sections -Wall -fstack-usage -MMD -MP -MF"Drivers/STM32H7xx_HAL_Driver/stm32h7xx_hal_pwr_ex.d" -MT"Drivers/STM32H7xx_HAL_Driver/stm32h7xx_hal_pwr_ex.o" --specs=nano.specs -mfpu=fpv4-sp-d16 -mfloat-abi=hard -mthumb -o "Drivers/STM32H7xx_HAL_Driver/stm32h7xx_hal_pwr_ex.o"
arm-none-eabi-gcc "C:/Users/Rudi/Desktop/GitHub/Cypher's Trip Wire/CTW/Drivers/STM32H7xx_HAL_Driver/Src/stm32h7xx_hal_rcc.c" -mcpu=cortex-m4 -std=gnu11 -g3 -DDEBUG -DCORE_CM4 -DUSE_HAL_DRIVER -DSTM32H745xx -c -I../../Drivers/STM32H7xx_HAL_Driver/Inc -I../../Drivers/STM32H7xx_HAL_Driver/Inc/Legacy -I../../Drivers/CMSIS/Device/ST/STM32H7xx/Include -I../../Drivers/CMSIS/Include -I"C:/Users/Rudi/Desktop/GitHub/Cypher's Trip Wire/CTW/CM4/Core/Inc" -O0 -ffunction-sections -fdata-sections -Wall -fstack-usage -MMD -MP -MF"Drivers/STM32H7xx_HAL_Driver/stm32h7xx_hal_rcc.d" -MT"Drivers/STM32H7xx_HAL_Driver/stm32h7xx_hal_rcc.o" --specs=nano.specs -mfpu=fpv4-sp-d16 -mfloat-abi=hard -mthumb -o "Drivers/STM32H7xx_HAL_Driver/stm32h7xx_hal_rcc.o"
arm-none-eabi-gcc "C:/Users/Rudi/Desktop/GitHub/Cypher's Trip Wire/CTW/Drivers/STM32H7xx_HAL_Driver/Src/stm32h7xx_hal_rcc_ex.c" -mcpu=cortex-m4 -std=gnu11 -g3 -DDEBUG -DCORE_CM4 -DUSE_HAL_DRIVER -DSTM32H745xx -c -I../../Drivers/STM32H7xx_HAL_Driver/Inc -I../../Drivers/STM32H7xx_HAL_Driver/Inc/Legacy -I../../Drivers/CMSIS/Device/ST/STM32H7xx/Include -I../../Drivers/CMSIS/Include -I"C:/Users/Rudi/Desktop/GitHub/Cypher's Trip Wire/CTW/CM4/Core/Inc" -O0 -ffunction-sections -fdata-sections -Wall -fstack-usage -MMD -MP -MF"Drivers/STM32H7xx_HAL_Driver/stm32h7xx_hal_rcc_ex.d" -MT"Drivers/STM32H7xx_HAL_Driver/stm32h7xx_hal_rcc_ex.o" --specs=nano.specs -mfpu=fpv4-sp-d16 -mfloat-abi=hard -mthumb -o "Drivers/STM32H7xx_HAL_Driver/stm32h7xx_hal_rcc_ex.o"
arm-none-eabi-gcc "C:/Users/Rudi/Desktop/GitHub/Cypher's Trip Wire/CTW/Drivers/STM32H7xx_HAL_Driver/Src/stm32h7xx_hal_tim.c" -mcpu=cortex-m4 -std=gnu11 -g3 -DDEBUG -DCORE_CM4 -DUSE_HAL_DRIVER -DSTM32H745xx -c -I../../Drivers/STM32H7xx_HAL_Driver/Inc -I../../Drivers/STM32H7xx_HAL_Driver/Inc/Legacy -I../../Drivers/CMSIS/Device/ST/STM32H7xx/Include -I../../Drivers/CMSIS/Include -I"C:/Users/Rudi/Desktop/GitHub/Cypher's Trip Wire/CTW/CM4/Core/Inc" -O0 -ffunction-sections -fdata-sections -Wall -fstack-usage -MMD -MP -MF"Drivers/STM32H7xx_HAL_Driver/stm32h7xx_hal_tim.d" -MT"Drivers/STM32H7xx_HAL_Driver/stm32h7xx_hal_tim.o" --specs=nano.specs -mfpu=fpv4-sp-d16 -mfloat-abi=hard -mthumb -o "Drivers/STM32H7xx_HAL_Driver/stm32h7xx_hal_tim.o"
arm-none-eabi-gcc "C:/Users/Rudi/Desktop/GitHub/Cypher's Trip Wire/CTW/Drivers/STM32H7xx_HAL_Driver/Src/stm32h7xx_hal_tim_ex.c" -mcpu=cortex-m4 -std=gnu11 -g3 -DDEBUG -DCORE_CM4 -DUSE_HAL_DRIVER -DSTM32H745xx -c -I../../Drivers/STM32H7xx_HAL_Driver/Inc -I../../Drivers/STM32H7xx_HAL_Driver/Inc/Legacy -I../../Drivers/CMSIS/Device/ST/STM32H7xx/Include -I../../Drivers/CMSIS/Include -I"C:/Users/Rudi/Desktop/GitHub/Cypher's Trip Wire/CTW/CM4/Core/Inc" -O0 -ffunction-sections -fdata-sections -Wall -fstack-usage -MMD -MP -MF"Drivers/STM32H7xx_HAL_Driver/stm32h7xx_hal_tim_ex.d" -MT"Drivers/STM32H7xx_HAL_Driver/stm32h7xx_hal_tim_ex.o" --specs=nano.specs -mfpu=fpv4-sp-d16 -mfloat-abi=hard -mthumb -o "Drivers/STM32H7xx_HAL_Driver/stm32h7xx_hal_tim_ex.o"
arm-none-eabi-gcc "C:/Users/Rudi/Desktop/GitHub/Cypher's Trip Wire/CTW/Drivers/STM32H7xx_HAL_Driver/Src/stm32h7xx_hal_uart.c" -mcpu=cortex-m4 -std=gnu11 -g3 -DDEBUG -DCORE_CM4 -DUSE_HAL_DRIVER -DSTM32H745xx -c -I../../Drivers/STM32H7xx_HAL_Driver/Inc -I../../Drivers/STM32H7xx_HAL_Driver/Inc/Legacy -I../../Drivers/CMSIS/Device/ST/STM32H7xx/Include -I../../Drivers/CMSIS/Include -I"C:/Users/Rudi/Desktop/GitHub/Cypher's Trip Wire/CTW/CM4/Core/Inc" -O0 -ffunction-sections -fdata-sections -Wall -fstack-usage -MMD -MP -MF"Drivers/STM32H7xx_HAL_Driver/stm32h7xx_hal_uart.d" -MT"Drivers/STM32H7xx_HAL_Driver/stm32h7xx_hal_uart.o" --specs=nano.specs -mfpu=fpv4-sp-d16 -mfloat-abi=hard -mthumb -o "Drivers/STM32H7xx_HAL_Driver/stm32h7xx_hal_uart.o"
arm-none-eabi-gcc "C:/Users/Rudi/Desktop/GitHub/Cypher's Trip Wire/CTW/Drivers/STM32H7xx_HAL_Driver/Src/stm32h7xx_hal_uart_ex.c" -mcpu=cortex-m4 -std=gnu11 -g3 -DDEBUG -DCORE_CM4 -DUSE_HAL_DRIVER -DSTM32H745xx -c -I../../Drivers/STM32H7xx_HAL_Driver/Inc -I../../Drivers/STM32H7xx_HAL_Driver/Inc/Legacy -I../../Drivers/CMSIS/Device/ST/STM32H7xx/Include -I../../Drivers/CMSIS/Include -I"C:/Users/Rudi/Desktop/GitHub/Cypher's Trip Wire/CTW/CM4/Core/Inc" -O0 -ffunction-sections -fdata-sections -Wall -fstack-usage -MMD -MP -MF"Drivers/STM32H7xx_HAL_Driver/stm32h7xx_hal_uart_ex.d" -MT"Drivers/STM32H7xx_HAL_Driver/stm32h7xx_hal_uart_ex.o" --specs=nano.specs -mfpu=fpv4-sp-d16 -mfloat-abi=hard -mthumb -o "Drivers/STM32H7xx_HAL_Driver/stm32h7xx_hal_uart_ex.o"
arm-none-eabi-gcc -mcpu=cortex-m4 -g3 -DDEBUG -c -x assembler-with-cpp -MMD -MP -MF"Core/Startup/startup_stm32h745zitx.d" -MT"Core/Startup/startup_stm32h745zitx.o" --specs=nano.specs -mfpu=fpv4-sp-d16 -mfloat-abi=hard -mthumb -o "Core/Startup/startup_stm32h745zitx.o" "../Core/Startup/startup_stm32h745zitx.s"
arm-none-eabi-gcc "../Core/Src/hcsr04.c" -mcpu=cortex-m4 -std=gnu11 -g3 -DDEBUG -DCORE_CM4 -DUSE_HAL_DRIVER -DSTM32H745xx -c -I../../Drivers/STM32H7xx_HAL_Driver/Inc -I../../Drivers/STM32H7xx_HAL_Driver/Inc/Legacy -I../../Drivers/CMSIS/Device/ST/STM32H7xx/Include -I../../Drivers/CMSIS/Include -I"C:/Users/Rudi/Desktop/GitHub/Cypher's Trip Wire/CTW/CM4/Core/Inc" -O0 -ffunction-sections -fdata-sections -Wall -fstack-usage -MMD -MP -MF"Core/Src/hcsr04.d" -MT"Core/Src/hcsr04.o" --specs=nano.specs -mfpu=fpv4-sp-d16 -mfloat-abi=hard -mthumb -o "Core/Src/hcsr04.o"
arm-none-eabi-gcc "../Core/Src/main.c" -mcpu=cortex-m4 -std=gnu11 -g3 -DDEBUG -DCORE_CM4 -DUSE_HAL_DRIVER -DSTM32H745xx -c -I../../Drivers/STM32H7xx_HAL_Driver/Inc -I../../Drivers/STM32H7xx_HAL_Driver/Inc/Legacy -I../../Drivers/CMSIS/Device/ST/STM32H7xx/Include -I../../Drivers/CMSIS/Include -I"C:/Users/Rudi/Desktop/GitHub/Cypher's Trip Wire/CTW/CM4/Core/Inc" -O0 -ffunction-sections -fdata-sections -Wall -fstack-usage -MMD -MP -MF"Core/Src/main.d" -MT"Core/Src/main.o" --specs=nano.specs -mfpu=fpv4-sp-d16 -mfloat-abi=hard -mthumb -o "Core/Src/main.o"
arm-none-eabi-gcc "../Core/Src/stm32h7xx_hal_msp.c" -mcpu=cortex-m4 -std=gnu11 -g3 -DDEBUG -DCORE_CM4 -DUSE_HAL_DRIVER -DSTM32H745xx -c -I../../Drivers/STM32H7xx_HAL_Driver/Inc -I../../Drivers/STM32H7xx_HAL_Driver/Inc/Legacy -I../../Drivers/CMSIS/Device/ST/STM32H7xx/Include -I../../Drivers/CMSIS/Include -I"C:/Users/Rudi/Desktop/GitHub/Cypher's Trip Wire/CTW/CM4/Core/Inc" -O0 -ffunction-sections -fdata-sections -Wall -fstack-usage -MMD -MP -MF"Core/Src/stm32h7xx_hal_msp.d" -MT"Core/Src/stm32h7xx_hal_msp.o" --specs=nano.specs -mfpu=fpv4-sp-d16 -mfloat-abi=hard -mthumb -o "Core/Src/stm32h7xx_hal_msp.o"
arm-none-eabi-gcc "../Core/Src/stm32h7xx_it.c" -mcpu=cortex-m4 -std=gnu11 -g3 -DDEBUG -DCORE_CM4 -DUSE_HAL_DRIVER -DSTM32H745xx -c -I../../Drivers/STM32H7xx_HAL_Driver/Inc -I../../Drivers/STM32H7xx_HAL_Driver/Inc/Legacy -I../../Drivers/CMSIS/Device/ST/STM32H7xx/Include -I../../Drivers/CMSIS/Include -I"C:/Users/Rudi/Desktop/GitHub/Cypher's Trip Wire/CTW/CM4/Core/Inc" -O0 -ffunction-sections -fdata-sections -Wall -fstack-usage -MMD -MP -MF"Core/Src/stm32h7xx_it.d" -MT"Core/Src/stm32h7xx_it.o" --specs=nano.specs -mfpu=fpv4-sp-d16 -mfloat-abi=hard -mthumb -o "Core/Src/stm32h7xx_it.o"
arm-none-eabi-gcc "../Core/Src/syscalls.c" -mcpu=cortex-m4 -std=gnu11 -g3 -DDEBUG -DCORE_CM4 -DUSE_HAL_DRIVER -DSTM32H745xx -c -I../../Drivers/STM32H7xx_HAL_Driver/Inc -I../../Drivers/STM32H7xx_HAL_Driver/Inc/Legacy -I../../Drivers/CMSIS/Device/ST/STM32H7xx/Include -I../../Drivers/CMSIS/Include -I"C:/Users/Rudi/Desktop/GitHub/Cypher's Trip Wire/CTW/CM4/Core/Inc" -O0 -ffunction-sections -fdata-sections -Wall -fstack-usage -MMD -MP -MF"Core/Src/syscalls.d" -MT"Core/Src/syscalls.o" --specs=nano.specs -mfpu=fpv4-sp-d16 -mfloat-abi=hard -mthumb -o "Core/Src/syscalls.o"
arm-none-eabi-gcc "../Core/Src/sysmem.c" -mcpu=cortex-m4 -std=gnu11 -g3 -DDEBUG -DCORE_CM4 -DUSE_HAL_DRIVER -DSTM32H745xx -c -I../../Drivers/STM32H7xx_HAL_Driver/Inc -I../../Drivers/STM32H7xx_HAL_Driver/Inc/Legacy -I../../Drivers/CMSIS/Device/ST/STM32H7xx/Include -I../../Drivers/CMSIS/Include -I"C:/Users/Rudi/Desktop/GitHub/Cypher's Trip Wire/CTW/CM4/Core/Inc" -O0 -ffunction-sections -fdata-sections -Wall -fstack-usage -MMD -MP -MF"Core/Src/sysmem.d" -MT"Core/Src/sysmem.o" --specs=nano.specs -mfpu=fpv4-sp-d16 -mfloat-abi=hard -mthumb -o "Core/Src/sysmem.o"
arm-none-eabi-gcc "C:/Users/Rudi/Desktop/GitHub/Cypher's Trip Wire/CTW/Common/Src/system_stm32h7xx_dualcore_boot_cm4_cm7.c" -mcpu=cortex-m4 -std=gnu11 -g3 -DDEBUG -DCORE_CM4 -DUSE_HAL_DRIVER -DSTM32H745xx -c -I../../Drivers/STM32H7xx_HAL_Driver/Inc -I../../Drivers/STM32H7xx_HAL_Driver/Inc/Legacy -I../../Drivers/CMSIS/Device/ST/STM32H7xx/Include -I../../Drivers/CMSIS/Include -I"C:/Users/Rudi/Desktop/GitHub/Cypher's Trip Wire/CTW/CM4/Core/Inc" -O0 -ffunction-sections -fdata-sections -Wall -fstack-usage -MMD -MP -MF"Common/Src/system_stm32h7xx_dualcore_boot_cm4_cm7.d" -MT"Common/Src/system_stm32h7xx_dualcore_boot_cm4_cm7.o" --specs=nano.specs -mfpu=fpv4-sp-d16 -mfloat-abi=hard -mthumb -o "Common/Src/system_stm32h7xx_dualcore_boot_cm4_cm7.o"
../Core/Src/hcsr04.c: In function 'HCSR04_init':
../Core/Src/hcsr04.c:13:25: error: 'htim1' undeclared (first use in this function)
   13 |  HAL_TIM_Base_Start_IT(&htim1);             // Start timer 1
      |                         ^~~~~
../Core/Src/hcsr04.c:13:25: note: each undeclared identifier is reported only once for each function it appears in
../Core/Src/hcsr04.c:14:25: error: 'htim2' undeclared (first use in this function)
   14 |  HAL_TIM_Base_Start_IT(&htim2);             // Start timer 2
      |                         ^~~~~
../Core/Src/hcsr04.c: In function 'HCSR04_TIM_PEC':
../Core/Src/hcsr04.c:22:16: warning: comparison between pointer and integer
   22 |  if (htim->CNT == TIM1){            // If timer == htim1
      |                ^~
In file included from C:/Users/Rudi/Desktop/GitHub/Cypher's Trip Wire/CTW/CM4/Core/Inc/stm32h7xx_hal_conf.h:454,
                 from ../../Drivers/STM32H7xx_HAL_Driver/Inc/stm32h7xx_hal.h:29,
                 from C:/Users/Rudi/Desktop/GitHub/Cypher's Trip Wire/CTW/CM4/Core/Inc/main.h:30,
                 from C:/Users/Rudi/Desktop/GitHub/Cypher's Trip Wire/CTW/CM4/Core/Inc/hcsr04.h:12,
                 from ../Core/Src/hcsr04.c:8:
../../Drivers/STM32H7xx_HAL_Driver/Inc/stm32h7xx_hal_tim.h:1380:72: error: 'htim' is a pointer; did you mean to use '->'?
 1380 | #define __HAL_TIM_CLEAR_FLAG(__HANDLE__, __FLAG__)        ((__HANDLE__)->Instance->SR = ~(__FLAG__))
      |                                                                        ^~
../Core/Src/hcsr04.c:24:3: note: in expansion of macro '__HAL_TIM_CLEAR_FLAG'
   24 |   __HAL_TIM_CLEAR_FLAG(&htim, TIM_FLAG_UPDATE);        // Clear the TIM1 interrupt flag
      |   ^~~~~~~~~~~~~~~~~~~~
../Core/Src/main.c: In function 'main':
../Core/Src/main.c:131:21: error: 'hcsr04' undeclared (first use in this function)
  131 |     HCSR04_GetData(*hcsr04);
      |                     ^~~~~~
../Core/Src/main.c:131:21: note: each undeclared identifier is reported only once for each function it appears in
../Core/Src/main.c:132:20: warning: passing argument 1 of 'HCSR04_TIM_PEC' from incompatible pointer type [-Wincompatible-pointer-types]
  132 |     HCSR04_TIM_PEC(&htim1);
      |                    ^~~~~~
      |                    |
      |                    TIM_HandleTypeDef * {aka struct <anonymous> *}
../Core/Src/hcsr04.c: In function 'HCSR04_GetData':
../Core/Src/hcsr04.c:32:2: warning: implicit declaration of function 'delay' [-Wimplicit-function-declaration]
   32 |  delay(10);
      |  ^~~~~
In file included from ../Core/Src/main.c:25:
C:/Users/Rudi/Desktop/GitHub/Cypher's Trip Wire/CTW/CM4/Core/Inc/hcsr04.h:33:34: note: expected 'TIM_TypeDef *' {aka 'struct <anonymous> *'} but argument is of type 'TIM_HandleTypeDef *' {aka 'struct <anonymous> *'}
   33 | void HCSR04_TIM_PEC(TIM_TypeDef *htim);
      |                     ~~~~~~~~~~~~~^~~~
In file included from C:/Users/Rudi/Desktop/GitHub/Cypher's Trip Wire/CTW/CM4/Core/Inc/stm32h7xx_hal_conf.h:454,
                 from ../../Drivers/STM32H7xx_HAL_Driver/Inc/stm32h7xx_hal.h:29,
                 from C:/Users/Rudi/Desktop/GitHub/Cypher's Trip Wire/CTW/CM4/Core/Inc/main.h:30,
                 from C:/Users/Rudi/Desktop/GitHub/Cypher's Trip Wire/CTW/CM4/Core/Inc/hcsr04.h:12,
                 from ../Core/Src/hcsr04.c:8:
../Core/Src/hcsr04.c:35:25: error: 'htim' undeclared (first use in this function)
   35 |  __HAL_TIM_SET_COUNTER(&htim, 0);            // Set TIM2 timer to 0
      |                         ^~~~
../../Drivers/STM32H7xx_HAL_Driver/Inc/stm32h7xx_hal_tim.h:1468:59: note: in definition of macro '__HAL_TIM_SET_COUNTER'
 1468 | #define __HAL_TIM_SET_COUNTER(__HANDLE__, __COUNTER__)  ((__HANDLE__)->Instance->CNT = (__COUNTER__))
      |                                                           ^~~~~~~~~~
../Core/Src/hcsr04.c:42:29: error: 'htim1' undeclared (first use in this function)
   42 |  while (__HAL_TIM_GET_FLAG(&htim1, TIM_FLAG_TRIGGER) != RESET && __HAL_TIM_GET_FLAG(&htim1, TIM_FLAG_UPDATE) != SET){ // If TIM1 flag trigger != RESET val && TIM1 update flag != SET val, run loop
      |                             ^~~~~
../../Drivers/STM32H7xx_HAL_Driver/Inc/stm32h7xx_hal_tim.h:1356:62: note: in definition of macro '__HAL_TIM_GET_FLAG'
 1356 | #define __HAL_TIM_GET_FLAG(__HANDLE__, __FLAG__)          (((__HANDLE__)->Instance->SR &(__FLAG__)) == (__FLAG__))
      |                                                              ^~~~~~~~~~
../Core/Src/hcsr04.c:50:3: error: 'HCSR04' undeclared (first use in this function)
   50 |   HCSR04->distance_in = distance/(float)2.54;                   // Setting distance into struct for inches
      |   ^~~~~~
../Core/Src/hcsr04.c: At top level:
../Core/Src/hcsr04.c:59:2: error: expected '=', ',', ';', 'asm' or '__attribute__' at end of input
   59 |  __HAL_GPIO
      |  ^~~~~~~~~~
make: *** [Core/Src/subdir.mk:34: Core/Src/main.o] Error 1
make: *** Waiting for unfinished jobs....
make: *** [Core/Src/subdir.mk:34: Core/Src/hcsr04.o] Error 1
"make -j16 all" terminated with exit code 2. Build might be incomplete.

23:05:51 Build Failed. 11 errors, 3 warnings. (took 1s.989ms)

